<?xml version="1.0" encoding="UTF-8"?>
<testsuite xmlns:xsi="http://www.w3.org/2001/XMLSchema-instance" xsi:noNamespaceSchemaLocation="https://maven.apache.org/surefire/maven-surefire-plugin/xsd/surefire-test-report.xsd" name="testingpage.TestMainPage" time="6.644" tests="6" errors="0" skipped="5" failures="1">
  <properties>
[...]
</properties>
  <testcase name="setup" classname="testingpage.TestMainPage" time="6.205">
    <failure message="The driver executable does not exist: C:\Users\orfat\Desktop\GroupFrameworkTeam11\Generic\Driver\chromedriver.exe" type="java.lang.IllegalStateException">java.lang.IllegalStateException: The driver executable does not exist: C:\Users\orfat\Desktop\GroupFrameworkTeam11\Generic\Driver\chromedriver.exe
</failure>
  </testcase>
  <testcase name="startExtent" classname="testingpage.TestMainPage" time="0">
    <skipped/>
  </testcase>
  <testcase name="initElements" classname="testingpage.TestMainPage" time="0">
    <skipped/>
  </testcase>
  <testcase name="testgoForGrocery" classname="testingpage.TestMainPage" time="0">
    <skipped message="The driver executable does not exist: C:\Users\orfat\Desktop\GroupFrameworkTeam11\Generic\Driver\chromedriver.exe"/>
  </testcase>
  <testcase name="afterEachTestMethod" classname="testingpage.TestMainPage" time="0">
    <skipped/>
  </testcase>
  <testcase name="generateReport" classname="testingpage.TestMainPage" time="0">
    <skipped/>
  </testcase>
</testsuite>